Build started 22/10/2013 16:50:42.
     1>Project "h:\visual studio 2012\Projects\multiThreadCW\multiThreadCW\multiThreadCW.vcxproj" on node 2 (Build target(s)).
     1>InitializeBuildStatus:
         Creating "Debug\multiThreadCW.unsuccessfulbuild" because "AlwaysCreate" was specified.
       ClCompile:
         D:\Program Files (x86)\Microsoft Visual Studio 11.0\VC\bin\CL.exe /c /ZI /nologo /W3 /WX- /Od /Oy- /D WIN32 /D _DEBUG /D _CONSOLE /D _UNICODE /D UNICODE /Gm /EHsc /RTC1 /MDd /GS /fp:precise /Zc:wchar_t /Zc:forScope /Fo"Debug\\" /Fd"Debug\vc110.pdb" /Gd /TP /analyze- /errorReport:prompt main.cpp
         main.cpp
     1>h:\visual studio 2012\projects\multithreadcw\multithreadcw\main.cpp(199): warning C4018: '<' : signed/unsigned mismatch
     1>h:\visual studio 2012\projects\multithreadcw\multithreadcw\main.cpp(210): warning C4018: '<' : signed/unsigned mismatch
     1>h:\visual studio 2012\projects\multithreadcw\multithreadcw\main.cpp(304): warning C4018: '<' : signed/unsigned mismatch
     1>h:\visual studio 2012\projects\multithreadcw\multithreadcw\main.cpp(315): warning C4244: 'initializing' : conversion from 'double' to 'int', possible loss of data
     1>h:\visual studio 2012\projects\multithreadcw\multithreadcw\main.cpp(28): warning C4715: 'validResponse' : not all control paths return a value
       Link:
         D:\Program Files (x86)\Microsoft Visual Studio 11.0\VC\bin\link.exe /ERRORREPORT:PROMPT /OUT:"h:\visual studio 2012\Projects\multiThreadCW\Debug\multiThreadCW.exe" /INCREMENTAL /NOLOGO kernel32.lib user32.lib gdi32.lib winspool.lib comdlg32.lib advapi32.lib shell32.lib ole32.lib oleaut32.lib uuid.lib odbc32.lib odbccp32.lib /MANIFEST /MANIFESTUAC:"level='asInvoker' uiAccess='false'" /manifest:embed /DEBUG /PDB:"h:\visual studio 2012\Projects\multiThreadCW\Debug\multiThreadCW.pdb" /SUBSYSTEM:CONSOLE /TLBID:1 /DYNAMICBASE /NXCOMPAT /IMPLIB:"h:\visual studio 2012\Projects\multiThreadCW\Debug\multiThreadCW.lib" /MACHINE:X86 Debug\main.obj
         multiThreadCW.vcxproj -> h:\visual studio 2012\Projects\multiThreadCW\Debug\multiThreadCW.exe
       FinalizeBuildStatus:
         Deleting file "Debug\multiThreadCW.unsuccessfulbuild".
         Touching "Debug\multiThreadCW.lastbuildstate".
     1>Done Building Project "h:\visual studio 2012\Projects\multiThreadCW\multiThreadCW\multiThreadCW.vcxproj" (Build target(s)).

Build succeeded.

Time Elapsed 00:00:11.00
